<?xml version="1.0" encoding="UTF-8"?>
<testsuite xmlns:xsi="http://www.w3.org/2001/XMLSchema-instance" xsi:noNamespaceSchemaLocation="https://maven.apache.org/surefire/maven-surefire-plugin/xsd/surefire-test-report.xsd" version="3.0.2" name="com.ai.gateway.adapter.auth.satoken.SaTokenAuthenticationAdapterTest" time="1.853" tests="11" errors="0" skipped="0" failures="0">
  <properties>
[...]
</properties>
  <testcase name="authenticateResolvesCookie" classname="com.ai.gateway.adapter.auth.satoken.SaTokenAuthenticationAdapterTest" time="0.52"/>
  <testcase name="revokeInvalidatesWholeSession" classname="com.ai.gateway.adapter.auth.satoken.SaTokenAuthenticationAdapterTest" time="0.011"/>
  <testcase name="validateTokenFailsOnTamperedToken" classname="com.ai.gateway.adapter.auth.satoken.SaTokenAuthenticationAdapterTest" time="0.017">
    <system-out><![CDATA[11:44:50.738 [main] WARN com.ai.gateway.adapter.auth.satoken.SaTokenAuthenticationAdapter -- Sa-Token JWT verification failed: jwt 签名无效：eyJ0eXAiOiJKV1QiLCJhbGciOiJIUzI1NiJ9.eyJsb2dpblR5cGUiOiJsb2dpbiIsImxvZ2luSWQiOiJ1c2VyLTEiLCJkZXZpY2UiOiJnYXRld2F5LWFjY2VzcyIsImVmZiI6MTc4NzIwNDY5MDczNCwicm5TdHIiOiJWWFhpc0dENURYYk45OUlSNG9qMWNoTVVmdmFSTkNINCIsImlhdCI6MTc4NzE5NzQ5MCwic2lkIjoiYmY3OWU5ODgtYWYxMi00YzI0LTgxMDAtYTkxNWExMTY5ZjQ3IiwidG9rZW5Vc2UiOiJhY2Nlc3MifQ.o9t9q4QaeSCVhWM6SFsF-z76EMBudNRn8pFUale3txx
]]></system-out>
  </testcase>
  <testcase name="refreshRotatesSessionAndInvalidatesOldTokens" classname="com.ai.gateway.adapter.auth.satoken.SaTokenAuthenticationAdapterTest" time="0.011"/>
  <testcase name="tokenIssuerExposesRefreshAndRevocationLifecycle" classname="com.ai.gateway.adapter.auth.satoken.SaTokenAuthenticationAdapterTest" time="0.002"/>
  <testcase name="accessTokenExpiresAtConfiguredDeadline" classname="com.ai.gateway.adapter.auth.satoken.SaTokenAuthenticationAdapterTest" time="1.213">
    <system-out><![CDATA[11:44:51.979 [main] WARN com.ai.gateway.adapter.auth.satoken.SaTokenAuthenticationAdapter -- Sa-Token JWT verification failed: jwt 已过期：eyJ0eXAiOiJKV1QiLCJhbGciOiJIUzI1NiJ9.eyJsb2dpblR5cGUiOiJsb2dpbiIsImxvZ2luSWQiOiJ1c2VyLTEiLCJkZXZpY2UiOiJnYXRld2F5LWFjY2VzcyIsImVmZiI6MTc4NzE5NzQ5MTc2OSwicm5TdHIiOiJRUmF5YWUxMHRhRXNWVE44S05jVmFCWDZqUlppWU0zZiIsImlhdCI6MTc4NzE5NzQ5MCwic2lkIjoiYzg2Y2ZmOGMtZjJjNy00ZTliLWI2NDEtYjM3NGMzOGE4OTY0IiwidG9rZW5Vc2UiOiJhY2Nlc3MifQ.WZoKAMuZ6rbbUbP-zJt--NDbVscHvVrM3-l-9lo2Yw0
]]></system-out>
  </testcase>
  <testcase name="roundTripMapsClaimsToPrincipal" classname="com.ai.gateway.adapter.auth.satoken.SaTokenAuthenticationAdapterTest" time="0.013"/>
  <testcase name="authenticateFailsWhenNoCredential" classname="com.ai.gateway.adapter.auth.satoken.SaTokenAuthenticationAdapterTest" time="0.001"/>
  <testcase name="authenticateResolvesBearerHeader" classname="com.ai.gateway.adapter.auth.satoken.SaTokenAuthenticationAdapterTest" time="0.002"/>
  <testcase name="constructorRejectsMissingSecret" classname="com.ai.gateway.adapter.auth.satoken.SaTokenAuthenticationAdapterTest" time="0.001"/>
  <testcase name="validateTokenFailsOnWrongSecret" classname="com.ai.gateway.adapter.auth.satoken.SaTokenAuthenticationAdapterTest" time="0.002">
    <system-out><![CDATA[11:44:52.003 [main] WARN com.ai.gateway.adapter.auth.satoken.SaTokenAuthenticationAdapter -- Sa-Token JWT verification failed: jwt 签名无效：eyJ0eXAiOiJKV1QiLCJhbGciOiJIUzI1NiJ9.eyJsb2dpblR5cGUiOiJsb2dpbiIsImxvZ2luSWQiOiJ1c2VyLTEiLCJkZXZpY2UiOiJnYXRld2F5LWFjY2VzcyIsImVmZiI6MTc4NzIwNDY5MjAwMiwicm5TdHIiOiJvRnl6TlI3RDN5VFpTeGRRYVNrM1VHYzFtSWFFUjB2QSIsImlhdCI6MTc4NzE5NzQ5Miwic2lkIjoiYjdjNmY1YjAtMzZjMi00YzcxLWIzZWItY2MwZTRmZmIyYjNjIiwidG9rZW5Vc2UiOiJhY2Nlc3MifQ.gkV5GJu8ZJy74E7qiGgG76wNaSXCpsy_c3wLvqO2WQQ
]]></system-out>
  </testcase>
</testsuite>